#
# There is insufficient memory for the Java Runtime Environment to continue.
# Native memory allocation (malloc) failed to allocate 1503728 bytes for Chunk::new
# Possible reasons:
#   The system is out of physical RAM or swap space
#   The process is running with CompressedOops enabled, and the Java Heap may be blocking the growth of the native heap
# Possible solutions:
#   Reduce memory load on the system
#   Increase physical memory or swap space
#   Check if swap backing store is full
#   Decrease Java heap size (-Xmx/-Xms)
#   Decrease number of Java threads
#   Decrease Java thread stack sizes (-Xss)
#   Set larger code cache with -XX:ReservedCodeCacheSize=
#   JVM is running with Unscaled Compressed Oops mode in which the Java heap is
#     placed in the first 4GB address space. The Java Heap base address is the
#     maximum limit for the native heap growth. Please use -XX:HeapBaseMinAddress
#     to set the Java Heap base and to place the Java Heap above 4GB virtual address.
# This output file may be truncated or incomplete.
#
#  Out of Memory Error (allocation.cpp:389), pid=39448, tid=0x000000000000731c
#
# JRE version: OpenJDK Runtime Environment (8.0_202-b03) (build 1.8.0_202-release-1483-b03)
# Java VM: OpenJDK 64-Bit Server VM (25.202-b03 mixed mode windows-amd64 compressed oops)
# Failed to write core dump. Minidumps are not enabled by default on client versions of Windows
#

---------------  T H R E A D  ---------------

Current thread (0x0000000018629000):  JavaThread "C2 CompilerThread0" daemon [_thread_in_native, id=29468, stack(0x0000000018f00000,0x0000000019000000)]

Stack: [0x0000000018f00000,0x0000000019000000]
[error occurred during error reporting (printing stack bounds), id 0xc0000005]

Native frames: (J=compiled Java code, j=interpreted, Vv=VM code, C=native code)


Current CompileTask:
C2:  19728 5402       4       java.net.URLClassLoader$1::run (5 bytes)


---------------  P R O C E S S  ---------------

Java Threads: ( => current thread )
  0x000000001e32e000 JavaThread "Memory manager" [_thread_blocked, id=3828, stack(0x0000000023820000,0x0000000023920000)]
  0x000000001e32b000 JavaThread "Cache worker for Build Output Cleanup Cache (D:\VinID_Creams\.gradle\buildOutputCleanup)" [_thread_blocked, id=33532, stack(0x0000000023720000,0x0000000023820000)]
  0x000000001e323800 JavaThread "Build operations Thread 8" [_thread_blocked, id=16364, stack(0x0000000023020000,0x0000000023120000)]
  0x000000001e32a800 JavaThread "Build operations Thread 7" [_thread_blocked, id=39616, stack(0x0000000022f20000,0x0000000023020000)]
  0x000000001e329000 JavaThread "Build operations Thread 6" [_thread_blocked, id=16964, stack(0x0000000022e20000,0x0000000022f20000)]
  0x000000001e329800 JavaThread "Build operations Thread 5" [_thread_blocked, id=16076, stack(0x0000000022d20000,0x0000000022e20000)]
  0x000000001e323000 JavaThread "Build operations Thread 4" [_thread_blocked, id=37344, stack(0x0000000022c20000,0x0000000022d20000)]
  0x000000001e328000 JavaThread "Build operations Thread 3" [_thread_blocked, id=19076, stack(0x00000000228d0000,0x00000000229d0000)]
  0x000000001e327800 JavaThread "Build operations Thread 2" [_thread_blocked, id=23032, stack(0x00000000227d0000,0x00000000228d0000)]
  0x000000001e325000 JavaThread "Build operations" [_thread_blocked, id=1456, stack(0x00000000226d0000,0x00000000227d0000)]
  0x000000001e326800 JavaThread "Cache worker for execution history cache (C:\Users\Administrator\.gradle\caches\5.4.1\executionHistory)" [_thread_blocked, id=31756, stack(0x0000000021000000,0x0000000021100000)]
  0x0000000018996800 JavaThread "Cache worker for cache directory md-rule (C:\Users\Administrator\.gradle\caches\5.4.1\md-rule)" [_thread_blocked, id=14144, stack(0x000000001f860000,0x000000001f960000)]
  0x0000000018991000 JavaThread "Cache worker for cache directory md-supplier (C:\Users\Administrator\.gradle\caches\5.4.1\md-supplier)" [_thread_blocked, id=16624, stack(0x000000001f5b0000,0x000000001f6b0000)]
  0x0000000018993800 JavaThread "Cache worker for file hash cache (D:\VinID_Creams\.gradle\5.4.1\fileHashes)" [_thread_blocked, id=40400, stack(0x000000001f760000,0x000000001f860000)]
  0x0000000018997000 JavaThread "Cache worker for journal cache (C:\Users\Administrator\.gradle\caches\journal-1)" [_thread_blocked, id=14964, stack(0x000000001cf10000,0x000000001d010000)]
  0x0000000018992800 JavaThread "File lock request listener" [_thread_in_native, id=38696, stack(0x000000001ce10000,0x000000001cf10000)]
  0x0000000018990800 JavaThread "Cache worker for file hash cache (C:\Users\Administrator\.gradle\caches\5.4.1\fileHashes)" [_thread_blocked, id=12108, stack(0x000000001cd10000,0x000000001ce10000)]
  0x00000000186a8000 JavaThread "Thread-9" [_thread_blocked, id=30548, stack(0x000000001cc10000,0x000000001cd10000)]
  0x0000000019d1f800 JavaThread "Stdin handler" [_thread_blocked, id=13404, stack(0x000000001cb10000,0x000000001cc10000)]
  0x0000000019d1e800 JavaThread "Asynchronous log dispatcher for DefaultDaemonConnection: socket connection from /127.0.0.1:58613 to /127.0.0.1:58614" [_thread_blocked, id=32808, stack(0x000000001c910000,0x000000001ca10000)]
  0x0000000019d1d000 JavaThread "Daemon worker" [_thread_blocked, id=30228, stack(0x000000001c810000,0x000000001c910000)]
  0x0000000019d1c000 JavaThread "Cancel handler" [_thread_blocked, id=28480, stack(0x000000001c710000,0x000000001c810000)]
  0x0000000019d7e800 JavaThread "Handler for socket connection from /127.0.0.1:58613 to /127.0.0.1:58614" [_thread_in_native, id=39532, stack(0x000000001c410000,0x000000001c510000)]
  0x0000000019d7c000 JavaThread "Daemon" [_thread_blocked, id=13452, stack(0x000000001c310000,0x000000001c410000)]
  0x0000000019b67800 JavaThread "Daemon periodic checks" [_thread_blocked, id=40504, stack(0x000000001c210000,0x000000001c310000)]
  0x000000001a335800 JavaThread "Incoming local TCP Connector on port 58613" [_thread_in_native, id=39424, stack(0x000000001bfd0000,0x000000001c0d0000)]
  0x000000001a235000 JavaThread "Daemon health stats" [_thread_blocked, id=20096, stack(0x000000001acd0000,0x000000001add0000)]
  0x00000000186ce000 JavaThread "Service Thread" daemon [_thread_blocked, id=37100, stack(0x0000000019300000,0x0000000019400000)]
  0x0000000018636800 JavaThread "C1 CompilerThread3" daemon [_thread_blocked, id=39968, stack(0x0000000019200000,0x0000000019300000)]
  0x000000001862e800 JavaThread "C2 CompilerThread2" daemon [_thread_blocked, id=25256, stack(0x0000000019100000,0x0000000019200000)]
  0x000000001862c000 JavaThread "C2 CompilerThread1" daemon [_thread_in_native, id=29220, stack(0x0000000019000000,0x0000000019100000)]
=>0x0000000018629000 JavaThread "C2 CompilerThread0" daemon [_thread_in_native, id=29468, stack(0x0000000018f00000,0x0000000019000000)]
  0x0000000018628000 JavaThread "Attach Listener" daemon [_thread_blocked, id=39988, stack(0x0000000018e00000,0x0000000018f00000)]
  0x0000000018627000 JavaThread "Signal Dispatcher" daemon [_thread_blocked, id=33172, stack(0x0000000018d00000,0x0000000018e00000)]
  0x0000000016822800 JavaThread "Finalizer" daemon [_thread_blocked, id=35988, stack(0x0000000018b00000,0x0000000018c00000)]
  0x0000000002a56000 JavaThread "Reference Handler" daemon [_thread_blocked, id=4456, stack(0x0000000018a00000,0x0000000018b00000)]
  0x000000000241e000 JavaThread "main" [_thread_blocked, id=35584, stack(0x00000000027b0000,0x00000000028b0000)]

Other Threads:
  0x0000000016818000 VMThread [stack: 0x0000000018500000,0x0000000018600000] [id=22392]
  0x00000000186cf000 WatcherThread [stack: 0x0000000019400000,0x0000000019500000] [id=12868]

VM state:at safepoint (normal execution)

VM Mutex/Monitor currently owned by a thread:  ([mutex/lock_event])
[0x000000000241db60] Threads_lock - owner thread: 0x0000000016818000
[0x000000000241d5e0] Heap_lock - owner thread: 0x0000000019d1d000

heap address: 0x00000000a0000000, size: 1536 MB, Compressed Oops mode: 32-bit
Narrow klass base: 0x0000000000000000, Narrow klass shift: 3
Compressed class space size: 1073741824 Address: 0x0000000100000000

Heap:
 PSYoungGen      total 118272K, used 3583K [0x00000000e0000000, 0x00000000e8a80000, 0x0000000100000000)
  eden space 104448K, 0% used [0x00000000e0000000,0x00000000e0000000,0x00000000e6600000)
  from space 13824K, 25% used [0x00000000e7d00000,0x00000000e807fce0,0x00000000e8a80000)
  to   space 15872K, 0% used [0x00000000e6b80000,0x00000000e6b80000,0x00000000e7b00000)
 ParOldGen       total 84992K, used 35204K [0x00000000a0000000, 0x00000000a5300000, 0x00000000e0000000)
  object space 84992K, 41% used [0x00000000a0000000,0x00000000a2261198,0x00000000a5300000)
 Metaspace       used 57332K, capacity 59004K, committed 59096K, reserved 1099776K
  class space    used 7730K, capacity 8134K, committed 8192K, reserved 1048576K

Card table byte_map: [0x0000000011e20000,0x0000000012130000] byte_map_base: 0x0000000011920000

Marking Bits: (ParMarkBitMap*) 0x000000006e6f9f30
 Begin Bits: [0x0000000012b30000, 0x0000000014330000)
 End Bits:   [0x0000000014330000, 0x0000000015b30000)

Polling page: 0x0000000000970000

CodeCache: size=245760Kb used=16686Kb max_used=17200Kb free=229073Kb
 bounds [0x0000000002a60000, 0x0000000003b40000, 0x0000000011a60000]
 total_blobs=5734 nmethods=4957 adapters=690
 compilation: enabled

Compilation events (10 events):
Event: 19.664 Thread 0x0000000018636800 nmethod 5553 0x000000000369fc50 code [0x000000000369fe20, 0x00000000036a0778]
Event: 19.664 Thread 0x0000000018636800 5555       3       java.nio.channels.spi.AbstractInterruptibleChannel::end (50 bytes)
Event: 19.664 Thread 0x0000000018636800 nmethod 5555 0x0000000002c863d0 code [0x0000000002c865a0, 0x0000000002c86d18]
Event: 19.664 Thread 0x0000000018636800 5557       3       sun.nio.ch.IOStatus::normalize (10 bytes)
Event: 19.664 Thread 0x0000000018636800 nmethod 5557 0x0000000002fcc2d0 code [0x0000000002fcc420, 0x0000000002fcc590]
Event: 19.664 Thread 0x0000000018636800 5554       3       org.gradle.internal.operations.OperationStartEvent::getStartTime (5 bytes)
Event: 19.665 Thread 0x0000000018636800 nmethod 5554 0x0000000002f2b510 code [0x0000000002f2b660, 0x0000000002f2b7b0]
Event: 19.665 Thread 0x0000000018636800 5558       3       java.nio.DirectByteBuffer::compact (83 bytes)
Event: 19.665 Thread 0x0000000018636800 nmethod 5558 0x0000000003057350 code [0x0000000003057500, 0x0000000003057d88]
Event: 19.666 Thread 0x000000001862e800 nmethod 5556 0x0000000002c9a290 code [0x0000000002c9a3e0, 0x0000000002c9a5e8]

GC Heap History (10 events):
Event: 15.014 GC heap after
Heap after GC invocations=10 (full 2):
 PSYoungGen      total 90112K, used 0K [0x00000000e0000000, 0x00000000e9700000, 0x0000000100000000)
  eden space 76800K, 0% used [0x00000000e0000000,0x00000000e0000000,0x00000000e4b00000)
  from space 13312K, 0% used [0x00000000e8a00000,0x00000000e8a00000,0x00000000e9700000)
  to   space 12288K, 0% used [0x00000000e4b00000,0x00000000e4b00000,0x00000000e5700000)
 ParOldGen       total 84992K, used 16284K [0x00000000a0000000, 0x00000000a5300000, 0x00000000e0000000)
  object space 84992K, 19% used [0x00000000a0000000,0x00000000a0fe72c8,0x00000000a5300000)
 Metaspace       used 34672K, capacity 35366K, committed 35456K, reserved 1079296K
  class space    used 4803K, capacity 4989K, committed 4992K, reserved 1048576K
}
Event: 16.752 GC heap before
{Heap before GC invocations=11 (full 2):
 PSYoungGen      total 90112K, used 76800K [0x00000000e0000000, 0x00000000e9700000, 0x0000000100000000)
  eden space 76800K, 100% used [0x00000000e0000000,0x00000000e4b00000,0x00000000e4b00000)
  from space 13312K, 0% used [0x00000000e8a00000,0x00000000e8a00000,0x00000000e9700000)
  to   space 12288K, 0% used [0x00000000e4b00000,0x00000000e4b00000,0x00000000e5700000)
 ParOldGen       total 84992K, used 16284K [0x00000000a0000000, 0x00000000a5300000, 0x00000000e0000000)
  object space 84992K, 19% used [0x00000000a0000000,0x00000000a0fe72c8,0x00000000a5300000)
 Metaspace       used 41582K, capacity 42724K, committed 42880K, reserved 1085440K
  class space    used 5638K, capacity 5932K, committed 6016K, reserved 1048576K
Event: 16.760 GC heap after
Heap after GC invocations=11 (full 2):
 PSYoungGen      total 89088K, used 11056K [0x00000000e0000000, 0x00000000e8a80000, 0x0000000100000000)
  eden space 76800K, 0% used [0x00000000e0000000,0x00000000e0000000,0x00000000e4b00000)
  from space 12288K, 89% used [0x00000000e4b00000,0x00000000e55cc2e8,0x00000000e5700000)
  to   space 13824K, 0% used [0x00000000e7d00000,0x00000000e7d00000,0x00000000e8a80000)
 ParOldGen       total 84992K, used 16292K [0x00000000a0000000, 0x00000000a5300000, 0x00000000e0000000)
  object space 84992K, 19% used [0x00000000a0000000,0x00000000a0fe92c8,0x00000000a5300000)
 Metaspace       used 41582K, capacity 42724K, committed 42880K, reserved 1085440K
  class space    used 5638K, capacity 5932K, committed 6016K, reserved 1048576K
}
Event: 17.752 GC heap before
{Heap before GC invocations=12 (full 2):
 PSYoungGen      total 89088K, used 87856K [0x00000000e0000000, 0x00000000e8a80000, 0x0000000100000000)
  eden space 76800K, 100% used [0x00000000e0000000,0x00000000e4b00000,0x00000000e4b00000)
  from space 12288K, 89% used [0x00000000e4b00000,0x00000000e55cc2e8,0x00000000e5700000)
  to   space 13824K, 0% used [0x00000000e7d00000,0x00000000e7d00000,0x00000000e8a80000)
 ParOldGen       total 84992K, used 16292K [0x00000000a0000000, 0x00000000a5300000, 0x00000000e0000000)
  object space 84992K, 19% used [0x00000000a0000000,0x00000000a0fe92c8,0x00000000a5300000)
 Metaspace       used 47313K, capacity 48582K, committed 48768K, reserved 1091584K
  class space    used 6355K, capacity 6690K, committed 6784K, reserved 1048576K
Event: 17.764 GC heap after
Heap after GC invocations=12 (full 2):
 PSYoungGen      total 118272K, used 13801K [0x00000000e0000000, 0x00000000e8a80000, 0x0000000100000000)
  eden space 104448K, 0% used [0x00000000e0000000,0x00000000e0000000,0x00000000e6600000)
  from space 13824K, 99% used [0x00000000e7d00000,0x00000000e8a7a438,0x00000000e8a80000)
  to   space 15872K, 0% used [0x00000000e6b80000,0x00000000e6b80000,0x00000000e7b00000)
 ParOldGen       total 84992K, used 18192K [0x00000000a0000000, 0x00000000a5300000, 0x00000000e0000000)
  object space 84992K, 21% used [0x00000000a0000000,0x00000000a11c4028,0x00000000a5300000)
 Metaspace       used 47313K, capacity 48582K, committed 48768K, reserved 1091584K
  class space    used 6355K, capacity 6690K, committed 6784K, reserved 1048576K
}
Event: 19.159 GC heap before
{Heap before GC invocations=13 (full 2):
 PSYoungGen      total 118272K, used 118249K [0x00000000e0000000, 0x00000000e8a80000, 0x0000000100000000)
  eden space 104448K, 100% used [0x00000000e0000000,0x00000000e6600000,0x00000000e6600000)
  from space 13824K, 99% used [0x00000000e7d00000,0x00000000e8a7a438,0x00000000e8a80000)
  to   space 15872K, 0% used [0x00000000e6b80000,0x00000000e6b80000,0x00000000e7b00000)
 ParOldGen       total 84992K, used 18192K [0x00000000a0000000, 0x00000000a5300000, 0x00000000e0000000)
  object space 84992K, 21% used [0x00000000a0000000,0x00000000a11c4028,0x00000000a5300000)
 Metaspace       used 54780K, capacity 56512K, committed 56832K, reserved 1097728K
  class space    used 7415K, capacity 7867K, committed 7936K, reserved 1048576K
Event: 19.179 GC heap after
Heap after GC invocations=13 (full 2):
 PSYoungGen      total 120320K, used 12119K [0x00000000e0000000, 0x00000000e8a80000, 0x0000000100000000)
  eden space 104448K, 0% used [0x00000000e0000000,0x00000000e0000000,0x00000000e6600000)
  from space 15872K, 76% used [0x00000000e6b80000,0x00000000e7755dd0,0x00000000e7b00000)
  to   space 13824K, 0% used [0x00000000e7d00000,0x00000000e7d00000,0x00000000e8a80000)
 ParOldGen       total 84992K, used 29400K [0x00000000a0000000, 0x00000000a5300000, 0x00000000e0000000)
  object space 84992K, 34% used [0x00000000a0000000,0x00000000a1cb6148,0x00000000a5300000)
 Metaspace       used 54780K, capacity 56512K, committed 56832K, reserved 1097728K
  class space    used 7415K, capacity 7867K, committed 7936K, reserved 1048576K
}
Event: 19.668 GC heap before
{Heap before GC invocations=14 (full 2):
 PSYoungGen      total 120320K, used 54885K [0x00000000e0000000, 0x00000000e8a80000, 0x0000000100000000)
  eden space 104448K, 40% used [0x00000000e0000000,0x00000000e29c36b8,0x00000000e6600000)
  from space 15872K, 76% used [0x00000000e6b80000,0x00000000e7755dd0,0x00000000e7b00000)
  to   space 13824K, 0% used [0x00000000e7d00000,0x00000000e7d00000,0x00000000e8a80000)
 ParOldGen       total 84992K, used 29400K [0x00000000a0000000, 0x00000000a5300000, 0x00000000e0000000)
  object space 84992K, 34% used [0x00000000a0000000,0x00000000a1cb6148,0x00000000a5300000)
 Metaspace       used 57332K, capacity 59004K, committed 59096K, reserved 1099776K
  class space    used 7730K, capacity 8134K, committed 8192K, reserved 1048576K
Event: 19.678 GC heap after
Heap after GC invocations=14 (full 2):
 PSYoungGen      total 118272K, used 3583K [0x00000000e0000000, 0x00000000e8a80000, 0x0000000100000000)
  eden space 104448K, 0% used [0x00000000e0000000,0x00000000e0000000,0x00000000e6600000)
  from space 13824K, 25% used [0x00000000e7d00000,0x00000000e807fce0,0x00000000e8a80000)
  to   space 15872K, 0% used [0x00000000e6b80000,0x00000000e6b80000,0x00000000e7b00000)
 ParOldGen       total 84992K, used 35204K [0x00000000a0000000, 0x00000000a5300000, 0x00000000e0000000)
  object space 84992K, 41% used [0x00000000a0000000,0x00000000a2261198,0x00000000a5300000)
 Metaspace       used 57332K, capacity 59004K, committed 59096K, reserved 1099776K
  class space    used 7730K, capacity 8134K, committed 8192K, reserved 1048576K
}
Event: 19.678 GC heap before
{Heap before GC invocations=15 (full 3):
 PSYoungGen      total 118272K, used 3583K [0x00000000e0000000, 0x00000000e8a80000, 0x0000000100000000)
  eden space 104448K, 0% used [0x00000000e0000000,0x00000000e0000000,0x00000000e6600000)
  from space 13824K, 25% used [0x00000000e7d00000,0x00000000e807fce0,0x00000000e8a80000)
  to   space 15872K, 0% used [0x00000000e6b80000,0x00000000e6b80000,0x00000000e7b00000)
 ParOldGen       total 84992K, used 35204K [0x00000000a0000000, 0x00000000a5300000, 0x00000000e0000000)
  object space 84992K, 41% used [0x00000000a0000000,0x00000000a2261198,0x00000000a5300000)
 Metaspace       used 57332K, capacity 59004K, committed 59096K, reserved 1099776K
  class space    used 7730K, capacity 8134K, committed 8192K, reserved 1048576K

Deoptimization events (10 events):
Event: 17.648 Thread 0x0000000019d1d000 Uncommon trap: reason=unstable_if action=reinterpret pc=0x00000000031eeae4 method=sun.net.www.protocol.jar.Handler.parseURL(Ljava/net/URL;Ljava/lang/String;II)V @ 94
Event: 18.030 Thread 0x0000000019d1d000 Uncommon trap: reason=unstable_if action=reinterpret pc=0x000000000302fdc4 method=org.gradle.internal.instantiation.AbstractClassGenerator$InjectionAnnotationValidator.validateMethod(Ljava/lang/reflect/Method;Lorg/gradle/internal/reflect/PropertyAccessorT
Event: 18.212 Thread 0x0000000019d1d000 Uncommon trap: reason=unstable_if action=reinterpret pc=0x000000000364d110 method=jdk.internal.org.objectweb.asm.Type.getArgumentsAndReturnSizes(Ljava/lang/String;)I @ 88
Event: 18.610 Thread 0x0000000019d1d000 Uncommon trap: reason=unstable_if action=reinterpret pc=0x00000000038d0048 method=kotlin.reflect.jvm.internal.impl.protobuf.CodedInputStream.readRawVarint32()I @ 10
Event: 19.007 Thread 0x0000000019d1d000 Uncommon trap: reason=unstable_if action=reinterpret pc=0x00000000032f6668 method=java.io.WinNTFileSystem.normalize(Ljava/lang/String;)Ljava/lang/String; @ 74
Event: 19.399 Thread 0x0000000019d1d000 Uncommon trap: reason=unstable_if action=reinterpret pc=0x0000000002d1d9b0 method=java.lang.String.regionMatches(ZILjava/lang/String;II)Z @ 58
Event: 19.445 Thread 0x0000000019d1d000 Uncommon trap: reason=unstable_if action=reinterpret pc=0x00000000038482a4 method=java.util.Collections$SetFromMap.remove(Ljava/lang/Object;)Z @ 10
Event: 19.526 Thread 0x0000000019d1d000 Uncommon trap: reason=unstable_if action=reinterpret pc=0x000000000360dc00 method=java.lang.reflect.AccessibleObject.setAccessible0(Ljava/lang/reflect/AccessibleObject;Z)V @ 23
Event: 19.532 Thread 0x0000000019d1d000 Uncommon trap: reason=unstable_if action=reinterpret pc=0x0000000002c36650 method=groovy.lang.MetaClassImpl.filterPropertyMethod(Ljava/lang/Object;ZZ)Ljava/lang/Object; @ 187
Event: 19.629 Thread 0x0000000019d1d000 Uncommon trap: reason=unstable_if action=reinterpret pc=0x00000000032a778c method=java.util.TreeMap.put(Ljava/lang/Object;Ljava/lang/Object;)Ljava/lang/Object; @ 163

Classes redefined (0 events):
No events

Internal exceptions (10 events):
Event: 19.537 Thread 0x0000000019d1d000 Exception <a 'java/lang/ClassNotFoundException': org/jetbrains/plugins/gradle/model/scala/ScalaModelBeanInfo> (0x00000000e1bf9440) thrown at [D:\src\AOSP-openjdk-cygwin\jdk8u\hotspot\src\share\vm\classfile\systemDictionary.cpp, line 210]
Event: 19.537 Thread 0x0000000019d1d000 Exception <a 'java/lang/ClassNotFoundException': org/jetbrains/plugins/gradle/model/scala/ScalaModelCustomizer> (0x00000000e1c0a360) thrown at [D:\src\AOSP-openjdk-cygwin\jdk8u\hotspot\src\share\vm\classfile\systemDictionary.cpp, line 210]
Event: 19.538 Thread 0x0000000019d1d000 Exception <a 'java/lang/ClassNotFoundException': org/jetbrains/plugins/gradle/model/ExternalProjectBeanInfo> (0x00000000e1c388e8) thrown at [D:\src\AOSP-openjdk-cygwin\jdk8u\hotspot\src\share\vm\classfile\systemDictionary.cpp, line 210]
Event: 19.538 Thread 0x0000000019d1d000 Exception <a 'java/lang/ClassNotFoundException': org/jetbrains/plugins/gradle/model/ExternalProjectCustomizer> (0x00000000e1c49478) thrown at [D:\src\AOSP-openjdk-cygwin\jdk8u\hotspot\src\share\vm\classfile\systemDictionary.cpp, line 210]
Event: 19.539 Thread 0x0000000019d1d000 Exception <a 'java/lang/ClassNotFoundException': org/jetbrains/plugins/gradle/model/ExternalProjectPreviewBeanInfo> (0x00000000e1c8b4e0) thrown at [D:\src\AOSP-openjdk-cygwin\jdk8u\hotspot\src\share\vm\classfile\systemDictionary.cpp, line 210]
Event: 19.539 Thread 0x0000000019d1d000 Exception <a 'java/lang/ClassNotFoundException': org/jetbrains/plugins/gradle/model/ExternalProjectPreviewCustomizer> (0x00000000e1c9d3e0) thrown at [D:\src\AOSP-openjdk-cygwin\jdk8u\hotspot\src\share\vm\classfile\systemDictionary.cpp, line 210]
Event: 19.540 Thread 0x0000000019d1d000 Exception <a 'java/lang/ClassNotFoundException': org/jetbrains/plugins/gradle/model/tests/ExternalTestsModelBeanInfo> (0x00000000e1cc9458) thrown at [D:\src\AOSP-openjdk-cygwin\jdk8u\hotspot\src\share\vm\classfile\systemDictionary.cpp, line 210]
Event: 19.541 Thread 0x0000000019d1d000 Exception <a 'java/lang/ClassNotFoundException': org/jetbrains/plugins/gradle/model/tests/ExternalTestsModelCustomizer> (0x00000000e1cdb6f8) thrown at [D:\src\AOSP-openjdk-cygwin\jdk8u\hotspot\src\share\vm\classfile\systemDictionary.cpp, line 210]
Event: 19.543 Thread 0x0000000019d1d000 Exception <a 'java/lang/ClassNotFoundException': org/jetbrains/plugins/gradle/model/IntelliJProjectSettingsBeanInfo> (0x00000000e1d173f0) thrown at [D:\src\AOSP-openjdk-cygwin\jdk8u\hotspot\src\share\vm\classfile\systemDictionary.cpp, line 210]
Event: 19.543 Thread 0x0000000019d1d000 Exception <a 'java/lang/ClassNotFoundException': org/jetbrains/plugins/gradle/model/IntelliJProjectSettingsCustomizer> (0x00000000e1d29300) thrown at [D:\src\AOSP-openjdk-cygwin\jdk8u\hotspot\src\share\vm\classfile\systemDictionary.cpp, line 210]

Events (10 events):
Event: 19.661 loading class com/android/build/gradle/internal/variant/TestVariantData done
Event: 19.662 loading class com/android/build/gradle/internal/variant/TestVariantData
Event: 19.662 loading class com/android/build/gradle/internal/variant/TestVariantData done
Event: 19.662 loading class com/android/build/gradle/internal/variant/TestVariantData
Event: 19.662 loading class com/android/build/gradle/internal/variant/TestVariantData done
Event: 19.664 loading class com/android/builder/packaging/JarMerger
Event: 19.664 loading class com/android/builder/packaging/JarMerger done
Event: 19.666 loading class com/android/builder/packaging/JarMerger$Relocator
Event: 19.666 loading class com/android/builder/packaging/JarMerger$Relocator done
Event: 19.668 Executing VM operation: CollectForMetadataAllocation


Dynamic libraries:
0x00007ff605f30000 - 0x00007ff605f61000 	C:\Program Files\Android\Android Studio\jre\bin\java.exe
0x00007ff933360000 - 0x00007ff933550000 	C:\WINDOWS\SYSTEM32\ntdll.dll
0x00007ff932d50000 - 0x00007ff932e02000 	C:\WINDOWS\System32\KERNEL32.DLL
0x00007ff930590000 - 0x00007ff930833000 	C:\WINDOWS\System32\KERNELBASE.dll
0x00007ff931660000 - 0x00007ff931703000 	C:\WINDOWS\System32\ADVAPI32.dll
0x00007ff931ee0000 - 0x00007ff931f7e000 	C:\WINDOWS\System32\msvcrt.dll
0x00007ff931e20000 - 0x00007ff931eb7000 	C:\WINDOWS\System32\sechost.dll
0x00007ff933200000 - 0x00007ff933320000 	C:\WINDOWS\System32\RPCRT4.dll
0x00007ff9326f0000 - 0x00007ff932884000 	C:\WINDOWS\System32\USER32.dll
0x00007ff930510000 - 0x00007ff930531000 	C:\WINDOWS\System32\win32u.dll
0x00007ff932d20000 - 0x00007ff932d46000 	C:\WINDOWS\System32\GDI32.dll
0x00007ff931090000 - 0x00007ff931224000 	C:\WINDOWS\System32\gdi32full.dll
0x00007ff9302f0000 - 0x00007ff93038e000 	C:\WINDOWS\System32\msvcp_win.dll
0x00007ff930410000 - 0x00007ff93050a000 	C:\WINDOWS\System32\ucrtbase.dll
0x00007ff918e40000 - 0x00007ff9190c5000 	C:\WINDOWS\WinSxS\amd64_microsoft.windows.common-controls_6595b64144ccf1df_6.0.18362.476_none_e6c4b11b130f2595\COMCTL32.dll
0x00007ff932e50000 - 0x00007ff933186000 	C:\WINDOWS\System32\combase.dll
0x00007ff930390000 - 0x00007ff930410000 	C:\WINDOWS\System32\bcryptPrimitives.dll
0x00007ff932e10000 - 0x00007ff932e3e000 	C:\WINDOWS\System32\IMM32.DLL
0x00007ff90c760000 - 0x00007ff90c811000 	C:\Program Files\McAfee\Endpoint Security\Threat Prevention\Ips\EpMPApi.dll
0x00007ff931260000 - 0x00007ff9312bc000 	C:\WINDOWS\System32\WINTRUST.dll
0x00007ff9302d0000 - 0x00007ff9302e2000 	C:\WINDOWS\System32\MSASN1.dll
0x00007ff9312c0000 - 0x00007ff931409000 	C:\WINDOWS\System32\CRYPT32.dll
0x000000006ea10000 - 0x000000006ea1c000 	C:\Program Files\McAfee\Endpoint Security\Threat Prevention\Ips\EpMPThe.dll
0x00007ff900630000 - 0x00007ff900666000 	C:\Program Files\McAfee\Endpoint Security\Threat Prevention\Ips\HIPHandlers64.dll
0x00007ff932910000 - 0x00007ff932962000 	C:\WINDOWS\System32\SHLWAPI.dll
0x000000006de50000 - 0x000000006df22000 	C:\Program Files\Android\Android Studio\jre\jre\bin\msvcr100.dll
0x000000006df30000 - 0x000000006e776000 	C:\Program Files\Android\Android Studio\jre\jre\bin\server\jvm.dll
0x00007ff932e40000 - 0x00007ff932e48000 	C:\WINDOWS\System32\PSAPI.DLL
0x00007ff92ceb0000 - 0x00007ff92ced4000 	C:\WINDOWS\SYSTEM32\WINMM.dll
0x00007ff915690000 - 0x00007ff915699000 	C:\WINDOWS\SYSTEM32\WSOCK32.dll
0x00007ff92a750000 - 0x00007ff92a75a000 	C:\WINDOWS\SYSTEM32\VERSION.dll
0x00000000022d0000 - 0x000000000233f000 	C:\WINDOWS\System32\WS2_32.dll
0x00007ff92ce80000 - 0x00007ff92cead000 	C:\WINDOWS\SYSTEM32\WINMMBASE.dll
0x00007ff930540000 - 0x00007ff93058a000 	C:\WINDOWS\System32\cfgmgr32.dll
0x00007ff8f60d0000 - 0x00007ff8f60df000 	C:\Program Files\Android\Android Studio\jre\jre\bin\verify.dll
0x00007ff8e7200000 - 0x00007ff8e7229000 	C:\Program Files\Android\Android Studio\jre\jre\bin\java.dll
0x00007ff8e71e0000 - 0x00007ff8e71f6000 	C:\Program Files\Android\Android Studio\jre\jre\bin\zip.dll
0x00007ff932000000 - 0x00007ff9326e5000 	C:\WINDOWS\System32\SHELL32.dll
0x00007ff932b20000 - 0x00007ff932bc9000 	C:\WINDOWS\System32\shcore.dll
0x00007ff930860000 - 0x00007ff930fde000 	C:\WINDOWS\System32\windows.storage.dll
0x00007ff9302b0000 - 0x00007ff9302cf000 	C:\WINDOWS\System32\profapi.dll
0x00007ff930260000 - 0x00007ff9302aa000 	C:\WINDOWS\System32\powrprof.dll
0x00007ff930230000 - 0x00007ff930240000 	C:\WINDOWS\System32\UMPDC.dll
0x00007ff930240000 - 0x00007ff930251000 	C:\WINDOWS\System32\kernel.appcore.dll
0x00007ff930840000 - 0x00007ff930857000 	C:\WINDOWS\System32\cryptsp.dll
0x00007ff8e71c0000 - 0x00007ff8e71da000 	C:\Program Files\Android\Android Studio\jre\jre\bin\net.dll
0x00007ff92f9f0000 - 0x00007ff92fa57000 	C:\WINDOWS\system32\mswsock.dll
0x00007ff8e48d0000 - 0x00007ff8e48e1000 	C:\Program Files\Android\Android Studio\jre\jre\bin\nio.dll
0x00007ff918db0000 - 0x00007ff918dd6000 	C:\Users\Administrator\.gradle\native\29\windows-amd64\native-platform.dll
0x00007ff91f7e0000 - 0x00007ff91f7ed000 	C:\Program Files\Android\Android Studio\jre\jre\bin\management.dll
0x00007ff92f570000 - 0x00007ff92f5a3000 	C:\WINDOWS\system32\rsaenh.dll
0x00007ff931230000 - 0x00007ff931256000 	C:\WINDOWS\System32\bcrypt.dll
0x00007ff930150000 - 0x00007ff930175000 	C:\WINDOWS\SYSTEM32\USERENV.dll
0x00007ff92fb70000 - 0x00007ff92fb7c000 	C:\WINDOWS\SYSTEM32\CRYPTBASE.dll
0x00007ff92f710000 - 0x00007ff92f74a000 	C:\WINDOWS\SYSTEM32\IPHLPAPI.DLL
0x00007ff931ec0000 - 0x00007ff931ec8000 	C:\WINDOWS\System32\NSI.dll
0x00007ff91cc40000 - 0x00007ff91cc56000 	C:\WINDOWS\SYSTEM32\dhcpcsvc6.DLL
0x00007ff91bc90000 - 0x00007ff91bcac000 	C:\WINDOWS\SYSTEM32\dhcpcsvc.DLL
0x00007ff92f750000 - 0x00007ff92f81a000 	C:\WINDOWS\SYSTEM32\DNSAPI.dll

VM Arguments:
jvm_args: -Xmx1536m -Dfile.encoding=windows-1252 -Duser.country=US -Duser.language=en -Duser.variant 
java_command: org.gradle.launcher.daemon.bootstrap.GradleDaemon 5.4.1
java_class_path (initial): C:\Users\Administrator\.gradle\wrapper\dists\gradle-5.4.1-all\3221gyojl5jsh0helicew7rwx\gradle-5.4.1\lib\gradle-launcher-5.4.1.jar
Launcher Type: SUN_STANDARD

Environment Variables:
PATH=C:\Program Files (x86)\Common Files\Oracle\Java\javapath;C:\WINDOWS\system32;C:\WINDOWS;C:\WINDOWS\System32\Wbem;C:\WINDOWS\System32\WindowsPowerShell\v1.0\;C:\WINDOWS\System32\OpenSSH\;C:\Program Files\Git\cmd;C:\Users\Administrator\AppData\Local\Microsoft\WindowsApps;
USERNAME=Administrator
OS=Windows_NT
PROCESSOR_IDENTIFIER=Intel64 Family 6 Model 142 Stepping 11, GenuineIntel



---------------  S Y S T E M  ---------------

OS: Windows 10.0 , 64 bit Build 18362 (10.0.18362.329)

CPU:total 8 (initial active 8) (4 cores per cpu, 2 threads per core) family 6 model 142 stepping 11, cmov, cx8, fxsr, mmx, sse, sse2, sse3, ssse3, sse4.1, sse4.2, popcnt, avx, avx2, aes, clmul, erms, 3dnowpref, lzcnt, ht, tsc, tscinvbit, bmi1, bmi2, adx

Memory: 4k page, physical 12450592k(412836k free), swap 24141084k(5220k free)

vm_info: OpenJDK 64-Bit Server VM (25.202-b03) for windows-amd64 JRE (1.8.0_202-release-1483-b03), built by "builder" with MS VC++ 10.0 (VS2010)

time: Fri Mar 06 16:57:45 2020
timezone: SE Asia Standard Time
elapsed time: 19 seconds (0d 0h 0m 19s)

